<?xml version="1.0" encoding="UTF-8"?>
<!-- Generated by org.testng.reporters.JUnitReportReporter -->
<testsuite hostname="DESKTOP-IVJGQJO" failures="0" tests="6" name="TestNGNop.Verificationoflink" time="43.786" errors="0" timestamp="2023-02-12T09:07:31 IST" skipped="0">
  <testcase classname="TestNGNop.Verificationoflink" name="testregistration" time="5.019"/>
  <system-out/>
  <testcase classname="TestNGNop.Verificationoflink" name="testregistration" time="5.245"/>
  <system-out/>
  <testcase classname="TestNGNop.Verificationoflink" name="testLOGIN" time="14.395"/>
  <system-out/>
  <testcase classname="TestNGNop.Verificationoflink" name="testregistration" time="9.262"/>
  <system-out/>
  <testcase classname="TestNGNop.Verificationoflink" name="testLOGIN" time="6.232"/>
  <system-out/>
  <testcase classname="TestNGNop.Verificationoflink" name="testLOGIN" time="3.633"/>
  <system-out/>
</testsuite> <!-- TestNGNop.Verificationoflink -->
