<?xml version="1.0" encoding="UTF-8"?>
<!-- Generated by org.testng.reporters.JUnitReportReporter -->
<testsuite hostname="DESKTOP-IVJGQJO" failures="0" tests="6" name="TestNGNop.VerificationofnopcomTestNg" time="47.224" errors="0" timestamp="2023-02-12T09:07:31 IST" skipped="0">
  <testcase classname="TestNGNop.VerificationofnopcomTestNg" name="testregistration" time="6.500"/>
  <system-out/>
  <testcase classname="TestNGNop.VerificationofnopcomTestNg" name="testregistration" time="17.170"/>
  <system-out/>
  <testcase classname="TestNGNop.VerificationofnopcomTestNg" name="testregistration" time="7.891"/>
  <system-out/>
  <testcase classname="TestNGNop.VerificationofnopcomTestNg" name="testlogin" time="3.208"/>
  <system-out/>
  <testcase classname="TestNGNop.VerificationofnopcomTestNg" name="testlogin" time="6.127"/>
  <system-out/>
  <testcase classname="TestNGNop.VerificationofnopcomTestNg" name="testlogin" time="6.328"/>
  <system-out/>
</testsuite> <!-- TestNGNop.VerificationofnopcomTestNg -->
